<?xml version="1.0" encoding="UTF-8"?>
<coverage generated="1742540592349" clover="3.2.0">
  <project timestamp="1742540592350" name="All files">
    <metrics statements="22" coveredstatements="22" conditionals="0" coveredconditionals="0" methods="8" coveredmethods="8" elements="30" coveredelements="30" complexity="0" loc="22" ncloc="22" packages="1" files="1" classes="1"/>
    <file name="gameSystem.js" path="C:\Users\Range\software_engineering\Social-Cirlces\public\javascript\gameSystem.js">
      <metrics statements="22" coveredstatements="22" conditionals="0" coveredconditionals="0" methods="8" coveredmethods="8"/>
      <line num="9" count="46" type="stmt"/>
      <line num="10" count="46" type="stmt"/>
      <line num="15" count="30" type="stmt"/>
      <line num="22" count="5" type="stmt"/>
      <line num="23" count="5" type="stmt"/>
      <line num="24" count="45" type="stmt"/>
      <line num="30" count="1" type="stmt"/>
      <line num="31" count="1" type="stmt"/>
      <line num="32" count="9" type="stmt"/>
      <line num="34" count="1" type="stmt"/>
      <line num="39" count="18" type="stmt"/>
      <line num="44" count="9" type="stmt"/>
      <line num="45" count="9" type="stmt"/>
      <line num="46" count="9" type="stmt"/>
      <line num="47" count="27" type="stmt"/>
      <line num="49" count="9" type="stmt"/>
      <line num="53" count="3" type="stmt"/>
      <line num="54" count="3" type="stmt"/>
      <line num="55" count="3" type="stmt"/>
      <line num="56" count="9" type="stmt"/>
      <line num="58" count="3" type="stmt"/>
      <line num="63" count="1" type="stmt"/>
    </file>
  </project>
</coverage>
