<?xml version="1.0" encoding="UTF-8"?>
<coverage generated="1742534090483" clover="3.2.0">
  <project timestamp="1742534090483" name="All files">
    <metrics statements="20" coveredstatements="20" conditionals="0" coveredconditionals="0" methods="8" coveredmethods="8" elements="28" coveredelements="28" complexity="0" loc="20" ncloc="20" packages="1" files="1" classes="1"/>
    <file name="gameSystem.js" path="C:\Users\Range\software_engineering\Social-Cirlces\public\javascript\gameSystem.js">
      <metrics statements="20" coveredstatements="20" conditionals="0" coveredconditionals="0" methods="8" coveredmethods="8"/>
      <line num="9" count="64" type="stmt"/>
      <line num="10" count="64" type="stmt"/>
      <line num="15" count="30" type="stmt"/>
      <line num="22" count="5" type="stmt"/>
      <line num="23" count="5" type="stmt"/>
      <line num="28" count="45" type="stmt"/>
      <line num="33" count="1" type="stmt"/>
      <line num="34" count="1" type="stmt"/>
      <line num="35" count="9" type="stmt"/>
      <line num="37" count="1" type="stmt"/>
      <line num="42" count="18" type="stmt"/>
      <line num="47" count="9" type="stmt"/>
      <line num="48" count="9" type="stmt"/>
      <line num="49" count="27" type="stmt"/>
      <line num="54" count="3" type="stmt"/>
      <line num="55" count="3" type="stmt"/>
      <line num="56" count="3" type="stmt"/>
      <line num="57" count="9" type="stmt"/>
      <line num="59" count="3" type="stmt"/>
      <line num="64" count="1" type="stmt"/>
    </file>
  </project>
</coverage>
