{"C:\\Users\\Range\\software_engineering\\Social-Cirlces\\public\\javascript\\gameSystem.js": {"path":"C:\\Users\\Range\\software_engineering\\Social-Cirlces\\public\\javascript\\gameSystem.js","statementMap":{"0":{"start":{"line":9,"column":8},"end":{"line":9,"column":25}},"1":{"start":{"line":10,"column":8},"end":{"line":10,"column":29}},"2":{"start":{"line":15,"column":8},"end":{"line":15,"column":35}},"3":{"start":{"line":22,"column":8},"end":{"line":22,"column":29}},"4":{"start":{"line":23,"column":8},"end":{"line":23,"column":27}},"5":{"start":{"line":28,"column":8},"end":{"line":28,"column":40}},"6":{"start":{"line":33,"column":28},"end":{"line":33,"column":30}},"7":{"start":{"line":34,"column":8},"end":{"line":36,"column":9}},"8":{"start":{"line":34,"column":21},"end":{"line":34,"column":22}},"9":{"start":{"line":35,"column":12},"end":{"line":35,"column":60}},"10":{"start":{"line":37,"column":8},"end":{"line":37,"column":40}},"11":{"start":{"line":42,"column":8},"end":{"line":42,"column":77}},"12":{"start":{"line":47,"column":21},"end":{"line":47,"column":49}},"13":{"start":{"line":48,"column":8},"end":{"line":50,"column":9}},"14":{"start":{"line":48,"column":21},"end":{"line":48,"column":22}},"15":{"start":{"line":49,"column":12},"end":{"line":49,"column":64}},"16":{"start":{"line":54,"column":21},"end":{"line":54,"column":49}},"17":{"start":{"line":55,"column":18},"end":{"line":55,"column":20}},"18":{"start":{"line":56,"column":8},"end":{"line":58,"column":9}},"19":{"start":{"line":56,"column":21},"end":{"line":56,"column":22}},"20":{"start":{"line":57,"column":12},"end":{"line":57,"column":40}},"21":{"start":{"line":59,"column":8},"end":{"line":59,"column":26}},"22":{"start":{"line":64,"column":0},"end":{"line":64,"column":37}}},"fnMap":{"0":{"name":"(anonymous_0)","decl":{"start":{"line":8,"column":4},"end":{"line":8,"column":5}},"loc":{"start":{"line":8,"column":31},"end":{"line":11,"column":5}},"line":8},"1":{"name":"(anonymous_1)","decl":{"start":{"line":14,"column":4},"end":{"line":14,"column":5}},"loc":{"start":{"line":14,"column":28},"end":{"line":16,"column":5}},"line":14},"2":{"name":"(anonymous_2)","decl":{"start":{"line":21,"column":4},"end":{"line":21,"column":5}},"loc":{"start":{"line":21,"column":19},"end":{"line":24,"column":5}},"line":21},"3":{"name":"(anonymous_3)","decl":{"start":{"line":27,"column":4},"end":{"line":27,"column":5}},"loc":{"start":{"line":27,"column":28},"end":{"line":29,"column":5}},"line":27},"4":{"name":"(anonymous_4)","decl":{"start":{"line":32,"column":4},"end":{"line":32,"column":5}},"loc":{"start":{"line":32,"column":28},"end":{"line":38,"column":5}},"line":32},"5":{"name":"(anonymous_5)","decl":{"start":{"line":41,"column":4},"end":{"line":41,"column":5}},"loc":{"start":{"line":41,"column":28},"end":{"line":43,"column":5}},"line":41},"6":{"name":"(anonymous_6)","decl":{"start":{"line":46,"column":4},"end":{"line":46,"column":5}},"loc":{"start":{"line":46,"column":34},"end":{"line":51,"column":5}},"line":46},"7":{"name":"(anonymous_7)","decl":{"start":{"line":53,"column":4},"end":{"line":53,"column":5}},"loc":{"start":{"line":53,"column":39},"end":{"line":60,"column":5}},"line":53}},"branchMap":{},"s":{"0":64,"1":64,"2":30,"3":5,"4":5,"5":45,"6":1,"7":1,"8":1,"9":9,"10":1,"11":18,"12":9,"13":9,"14":9,"15":27,"16":3,"17":3,"18":3,"19":3,"20":9,"21":3,"22":1},"f":{"0":64,"1":30,"2":5,"3":45,"4":1,"5":18,"6":9,"7":3},"b":{},"_coverageSchema":"1a1c01bbd47fc00a2c39e90264f33305004495a9","hash":"ccb9108244307c6c6f30f431457cfe793453b1c5"}
}
