{"C:\\Users\\Range\\software_engineering\\Social-Cirlces\\public\\javascript\\gameSystem.js": {"path":"C:\\Users\\Range\\software_engineering\\Social-Cirlces\\public\\javascript\\gameSystem.js","statementMap":{"0":{"start":{"line":9,"column":8},"end":{"line":9,"column":25}},"1":{"start":{"line":10,"column":8},"end":{"line":10,"column":29}},"2":{"start":{"line":15,"column":8},"end":{"line":15,"column":35}},"3":{"start":{"line":22,"column":8},"end":{"line":22,"column":29}},"4":{"start":{"line":23,"column":8},"end":{"line":25,"column":11}},"5":{"start":{"line":24,"column":12},"end":{"line":24,"column":40}},"6":{"start":{"line":30,"column":28},"end":{"line":30,"column":30}},"7":{"start":{"line":31,"column":8},"end":{"line":33,"column":9}},"8":{"start":{"line":31,"column":21},"end":{"line":31,"column":22}},"9":{"start":{"line":32,"column":12},"end":{"line":32,"column":60}},"10":{"start":{"line":34,"column":8},"end":{"line":34,"column":40}},"11":{"start":{"line":39,"column":8},"end":{"line":39,"column":77}},"12":{"start":{"line":44,"column":21},"end":{"line":44,"column":49}},"13":{"start":{"line":45,"column":24},"end":{"line":45,"column":25}},"14":{"start":{"line":46,"column":8},"end":{"line":48,"column":9}},"15":{"start":{"line":46,"column":21},"end":{"line":46,"column":22}},"16":{"start":{"line":47,"column":12},"end":{"line":47,"column":59}},"17":{"start":{"line":49,"column":8},"end":{"line":49,"column":25}},"18":{"start":{"line":53,"column":21},"end":{"line":53,"column":49}},"19":{"start":{"line":54,"column":18},"end":{"line":54,"column":20}},"20":{"start":{"line":55,"column":8},"end":{"line":57,"column":9}},"21":{"start":{"line":55,"column":21},"end":{"line":55,"column":22}},"22":{"start":{"line":56,"column":12},"end":{"line":56,"column":154}},"23":{"start":{"line":58,"column":8},"end":{"line":58,"column":26}},"24":{"start":{"line":63,"column":0},"end":{"line":63,"column":37}}},"fnMap":{"0":{"name":"(anonymous_0)","decl":{"start":{"line":8,"column":4},"end":{"line":8,"column":5}},"loc":{"start":{"line":8,"column":31},"end":{"line":11,"column":5}},"line":8},"1":{"name":"(anonymous_1)","decl":{"start":{"line":14,"column":4},"end":{"line":14,"column":5}},"loc":{"start":{"line":14,"column":28},"end":{"line":16,"column":5}},"line":14},"2":{"name":"(anonymous_2)","decl":{"start":{"line":21,"column":4},"end":{"line":21,"column":5}},"loc":{"start":{"line":21,"column":29},"end":{"line":26,"column":5}},"line":21},"3":{"name":"(anonymous_3)","decl":{"start":{"line":23,"column":27},"end":{"line":23,"column":28}},"loc":{"start":{"line":23,"column":36},"end":{"line":25,"column":9}},"line":23},"4":{"name":"(anonymous_4)","decl":{"start":{"line":29,"column":4},"end":{"line":29,"column":5}},"loc":{"start":{"line":29,"column":28},"end":{"line":35,"column":5}},"line":29},"5":{"name":"(anonymous_5)","decl":{"start":{"line":38,"column":4},"end":{"line":38,"column":5}},"loc":{"start":{"line":38,"column":28},"end":{"line":40,"column":5}},"line":38},"6":{"name":"(anonymous_6)","decl":{"start":{"line":43,"column":4},"end":{"line":43,"column":5}},"loc":{"start":{"line":43,"column":34},"end":{"line":50,"column":5}},"line":43},"7":{"name":"(anonymous_7)","decl":{"start":{"line":52,"column":4},"end":{"line":52,"column":5}},"loc":{"start":{"line":52,"column":39},"end":{"line":59,"column":5}},"line":52}},"branchMap":{},"s":{"0":46,"1":46,"2":30,"3":5,"4":5,"5":45,"6":1,"7":1,"8":1,"9":9,"10":1,"11":18,"12":9,"13":9,"14":9,"15":9,"16":27,"17":9,"18":3,"19":3,"20":3,"21":3,"22":9,"23":3,"24":1},"f":{"0":46,"1":30,"2":5,"3":45,"4":1,"5":18,"6":9,"7":3},"b":{},"_coverageSchema":"1a1c01bbd47fc00a2c39e90264f33305004495a9","hash":"697e38e8168abe6a570c64a30d2f45ae5b9fd3f2"}
}
