TN:
SF:public\javascript\gameSystem.js
FN:8,(anonymous_0)
FN:14,(anonymous_1)
FN:21,(anonymous_2)
FN:23,(anonymous_3)
FN:29,(anonymous_4)
FN:38,(anonymous_5)
FN:43,(anonymous_6)
FN:52,(anonymous_7)
FNF:8
FNH:8
FNDA:46,(anonymous_0)
FNDA:30,(anonymous_1)
FNDA:5,(anonymous_2)
FNDA:45,(anonymous_3)
FNDA:1,(anonymous_4)
FNDA:18,(anonymous_5)
FNDA:9,(anonymous_6)
FNDA:3,(anonymous_7)
DA:9,46
DA:10,46
DA:15,30
DA:22,5
DA:23,5
DA:24,45
DA:30,1
DA:31,1
DA:32,9
DA:34,1
DA:39,18
DA:44,9
DA:45,9
DA:46,9
DA:47,27
DA:49,9
DA:53,3
DA:54,3
DA:55,3
DA:56,9
DA:58,3
DA:63,1
LF:22
LH:22
BRF:0
BRH:0
end_of_record
