TN:
SF:public\javascript\gameSystem.js
FN:8,(anonymous_0)
FN:14,(anonymous_1)
FN:21,(anonymous_2)
FN:27,(anonymous_3)
FN:32,(anonymous_4)
FN:41,(anonymous_5)
FN:46,(anonymous_6)
FN:53,(anonymous_7)
FNF:8
FNH:8
FNDA:64,(anonymous_0)
FNDA:30,(anonymous_1)
FNDA:5,(anonymous_2)
FNDA:45,(anonymous_3)
FNDA:1,(anonymous_4)
FNDA:18,(anonymous_5)
FNDA:9,(anonymous_6)
FNDA:3,(anonymous_7)
DA:9,64
DA:10,64
DA:15,30
DA:22,5
DA:23,5
DA:28,45
DA:33,1
DA:34,1
DA:35,9
DA:37,1
DA:42,18
DA:47,9
DA:48,9
DA:49,27
DA:54,3
DA:55,3
DA:56,3
DA:57,9
DA:59,3
DA:64,1
LF:20
LH:20
BRF:0
BRH:0
end_of_record
